<?xml version="1.0" encoding="UTF-8"?>
<!-- Generated by org.testng.reporters.JUnitXMLReporter -->
<testsuite ignored="0" hostname="DESKTOP-58RHMDE" failures="0" tests="6" name="Default test" time="111.407" errors="0" timestamp="2023-08-31T17:01:27 BDT">
  <testcase classname="Automation.LoginPage" name="ValidMobileNumber" time="13.163"/>
  <testcase classname="Automation.LoginPage" name="WrongMobileNumber" time="10.381"/>
  <testcase classname="Automation.LoginPage" name="InvalidMobileNumber" time="10.344"/>
  <testcase classname="Automation.LoginPage" name="BlankMobileNumber" time="13.895"/>
  <testcase classname="Automation.LoginPage" name="ValidPinNumber" time="21.953"/>
  <testcase classname="Automation.LoginPage" name="InvalidPinNumber" time="17.191"/>
</testsuite> <!-- Default test -->
