<?xml version="1.0" encoding="UTF-8"?>
<!-- Generated by org.testng.reporters.JUnitXMLReporter -->
<testsuite ignored="0" hostname="DESKTOP-58RHMDE" failures="0" tests="4" name="CRUD Test" time="111.163" errors="0" timestamp="2023-08-31T17:07:37 BDT">
  <testcase classname="Automation.ExpensesCRUD" name="CreateBill" time="13.618"/>
  <testcase classname="Automation.ExpensesCRUD" name="ReadBill" time="11.451"/>
  <testcase classname="Automation.ExpensesCRUD" name="UpdateBill" time="25.112"/>
  <testcase classname="Automation.ExpensesCRUD" name="DeleteBill" time="17.733"/>
</testsuite> <!-- CRUD Test -->
