<?xml version="1.0" encoding="UTF-8"?>
<!-- Generated by org.testng.reporters.JUnitXMLReporter -->
<testsuite ignored="0" hostname="DESKTOP-58RHMDE" failures="0" tests="6" name="Login Test" time="135.394" errors="0" timestamp="2023-08-31T17:05:45 BDT">
  <testcase classname="Automation.LoginPage" name="ValidMobileNumber" time="12.764"/>
  <testcase classname="Automation.LoginPage" name="WrongMobileNumber" time="10.614"/>
  <testcase classname="Automation.LoginPage" name="InvalidMobileNumber" time="10.367"/>
  <testcase classname="Automation.LoginPage" name="BlankMobileNumber" time="17.75"/>
  <testcase classname="Automation.LoginPage" name="ValidPinNumber" time="21.893"/>
  <testcase classname="Automation.LoginPage" name="InvalidPinNumber" time="10.575"/>
</testsuite> <!-- Login Test -->
